
> nextn@1.2.0 typecheck K:\New folder (51)\frontend
> tsc --noEmit --skipLibCheck

src/ai/gemini-service.ts(4,15): error TS2305: Module '"@genkit-ai/google-genai"' has no exported member 'GoogleGenerativeAI'.
src/components/stations-pipeline.tsx(143,13): error TS2451: Cannot redeclare block-scoped variable 'pipelineResult'.
src/components/stations-pipeline.tsx(146,15): error TS2451: Cannot redeclare block-scoped variable 'pipelineResult'.
src/components/stations-pipeline.tsx(164,11): error TS2698: Spread types may only be created from object types.
src/components/ui/dynamic-chart.tsx(42,3): error TS2345: Argument of type '() => Promise<typeof RechartsPrimitive.Tooltip>' is not assignable to parameter of type 'DynamicOptions<TooltipProps<ValueType, NameType>> | Loader<TooltipProps<ValueType, NameType>>'.
  Type '() => Promise<typeof RechartsPrimitive.Tooltip>' is not assignable to type '() => LoaderComponent<TooltipProps<ValueType, NameType>>'.
    Type 'Promise<typeof Tooltip>' is not assignable to type 'LoaderComponent<TooltipProps<ValueType, NameType>>'.
      Type 'typeof Tooltip' is not assignable to type 'ComponentType<TooltipProps<ValueType, NameType>> | ComponentModule<TooltipProps<ValueType, NameType>>'.
        Type 'typeof Tooltip' is not assignable to type 'ComponentClass<TooltipProps<ValueType, NameType>, any>'.
          The types of 'defaultProps.animationEasing' are incompatible between these types.
            Type 'string' is not assignable to type 'AnimationTiming'.
src/components/ui/dynamic-chart.tsx(52,3): error TS2345: Argument of type '() => Promise<typeof RechartsPrimitive.Legend>' is not assignable to parameter of type 'DynamicOptions<Props> | Loader<Props>'.
  Type '() => Promise<typeof RechartsPrimitive.Legend>' is not assignable to type '() => LoaderComponent<Props>'.
    Type 'Promise<typeof Legend>' is not assignable to type 'LoaderComponent<Props>'.
      Type 'typeof Legend' is not assignable to type 'ComponentType<Props> | ComponentModule<Props>'.
        Type 'typeof Legend' is not assignable to type 'ComponentClass<Props, any>'.
          The types of 'defaultProps.layout' are incompatible between these types.
            Type 'string' is not assignable to type 'LayoutType'.
src/lib/ai/core/pipeline/base-station.ts(2,8): error TS2613: Module '"K:/New folder (51)/frontend/src/lib/ai/utils/logger"' has no default export. Did you mean to use 'import { logger } from "K:/New folder (51)/frontend/src/lib/ai/utils/logger"' instead?
src/lib/ai/stations/gemini-service.ts(2,8): error TS2613: Module '"K:/New folder (51)/frontend/src/lib/ai/utils/logger"' has no default export. Did you mean to use 'import { logger } from "K:/New folder (51)/frontend/src/lib/ai/utils/logger"' instead?
src/lib/ai/stations/network-diagnostics.ts(175,29): error TS2722: Cannot invoke an object which is possibly 'undefined'.
src/lib/ai/stations/network-diagnostics.ts(175,53): error TS2349: This expression is not callable.
  Type 'objectOutputType<{ name: ZodString; role: ZodOptional<ZodString>; }, ZodTypeAny, "passthrough">' has no call signatures.
src/lib/ai/stations/network-diagnostics.ts(221,28): error TS2722: Cannot invoke an object which is possibly 'undefined'.
src/lib/ai/stations/network-diagnostics.ts(221,51): error TS2349: This expression is not callable.
  Type 'objectOutputType<{ id: ZodOptional<ZodString>; name: ZodOptional<ZodString>; type: ZodOptional<ZodString>; subject: ZodOptional<...>; ... 4 more ...; description: ZodOptional<...>; }, ZodTypeAny, "passthrough">' has no call signatures.
src/lib/ai/stations/network-diagnostics.ts(255,29): error TS2722: Cannot invoke an object which is possibly 'undefined'.
src/lib/ai/stations/network-diagnostics.ts(255,53): error TS2349: This expression is not callable.
  Type 'objectOutputType<{ name: ZodString; role: ZodOptional<ZodString>; }, ZodTypeAny, "passthrough">' has no call signatures.
src/lib/ai/stations/network-diagnostics.ts(287,43): error TS2722: Cannot invoke an object which is possibly 'undefined'.
src/lib/ai/stations/network-diagnostics.ts(287,70): error TS2349: This expression is not callable.
  Type 'objectOutputType<{ id: ZodOptional<ZodString>; source: ZodString; target: ZodString; type: ZodOptional<ZodString>; strength: ZodOptional<...>; }, ZodTypeAny, "passthrough">[]' has no call signatures.
src/lib/ai/stations/network-diagnostics.ts(288,12): error TS18046: 'relationship' is of type 'unknown'.
src/lib/ai/stations/network-diagnostics.ts(291,22): error TS18046: 'relationship' is of type 'unknown'.
src/lib/ai/stations/network-diagnostics.ts(293,26): error TS18046: 'relationship' is of type 'unknown'.
src/lib/ai/stations/network-diagnostics.ts(305,41): error TS2722: Cannot invoke an object which is possibly 'undefined'.
src/lib/ai/stations/network-diagnostics.ts(305,64): error TS2349: This expression is not callable.
  Type 'objectOutputType<{ id: ZodOptional<ZodString>; name: ZodOptional<ZodString>; type: ZodOptional<ZodString>; subject: ZodOptional<...>; ... 4 more ...; description: ZodOptional<...>; }, ZodTypeAny, "passthrough">' has no call signatures.
src/lib/ai/stations/network-diagnostics.ts(306,14): error TS18046: 'conflict' is of type 'unknown'.
src/lib/ai/stations/network-diagnostics.ts(309,24): error TS18046: 'conflict' is of type 'unknown'.
src/lib/ai/stations/network-diagnostics.ts(311,28): error TS18046: 'conflict' is of type 'unknown'.
src/lib/ai/stations/network-diagnostics.ts(367,5): error TS2322: Type 'unknown[]' is not assignable to type 'objectOutputType<{ id: ZodOptional<ZodString>; source: ZodString; target: ZodString; type: ZodOptional<ZodString>; strength: ZodOptional<...>; }, ZodTypeAny, "passthrough">[]'.
  Type 'unknown' is not assignable to type 'objectOutputType<{ id: ZodOptional<ZodString>; source: ZodString; target: ZodString; type: ZodOptional<ZodString>; strength: ZodOptional<...>; }, ZodTypeAny, "passthrough">'.
    Type 'unknown' is not assignable to type '{ source: string; target: string; type?: string | undefined; id?: string | undefined; strength?: number | undefined; }'.
src/lib/ai/stations/network-diagnostics.ts(367,23): error TS2722: Cannot invoke an object which is possibly 'undefined'.
src/lib/ai/stations/network-diagnostics.ts(367,50): error TS2349: This expression is not callable.
  Type 'objectOutputType<{ id: ZodOptional<ZodString>; source: ZodString; target: ZodString; type: ZodOptional<ZodString>; strength: ZodOptional<...>; }, ZodTypeAny, "passthrough">[]' has no call signatures.
src/lib/ai/stations/network-diagnostics.ts(369,24): error TS18046: 'rel' is of type 'unknown'.
src/lib/ai/stations/network-diagnostics.ts(369,54): error TS18046: 'rel' is of type 'unknown'.
src/lib/ai/stations/network-diagnostics.ts(374,5): error TS2322: Type 'unknown[]' is not assignable to type 'objectOutputType<{ id: ZodOptional<ZodString>; name: ZodOptional<ZodString>; type: ZodOptional<ZodString>; subject: ZodOptional<...>; ... 4 more ...; description: ZodOptional<...>; }, ZodTypeAny, "passthrough">[]'.
  Type 'unknown' is not assignable to type 'objectOutputType<{ id: ZodOptional<ZodString>; name: ZodOptional<ZodString>; type: ZodOptional<ZodString>; subject: ZodOptional<...>; ... 4 more ...; description: ZodOptional<...>; }, ZodTypeAny, "passthrough">'.
    Type 'unknown' is not assignable to type '{ type?: string | undefined; name?: string | undefined; id?: string | undefined; strength?: number | undefined; subject?: string | undefined; scope?: string | undefined; involvedCharacters?: string[] | undefined; timestamps?: Date[] | undefined; description?: string | undefined; }'.
src/lib/ai/stations/network-diagnostics.ts(374,23): error TS2722: Cannot invoke an object which is possibly 'undefined'.
src/lib/ai/stations/network-diagnostics.ts(374,46): error TS2349: This expression is not callable.
  Type 'objectOutputType<{ id: ZodOptional<ZodString>; name: ZodOptional<ZodString>; type: ZodOptional<ZodString>; subject: ZodOptional<...>; ... 4 more ...; description: ZodOptional<...>; }, ZodTypeAny, "passthrough">' has no call signatures.
src/lib/ai/stations/network-diagnostics.ts(375,29): error TS18046: 'conflict' is of type 'unknown'.
src/lib/ai/stations/network-diagnostics.ts(383,26): error TS2722: Cannot invoke an object which is possibly 'undefined'.
src/lib/ai/stations/network-diagnostics.ts(383,50): error TS2349: This expression is not callable.
  Type 'objectOutputType<{ name: ZodString; role: ZodOptional<ZodString>; }, ZodTypeAny, "passthrough">' has no call signatures.
src/lib/ai/stations/network-diagnostics.ts(421,26): error TS2722: Cannot invoke an object which is possibly 'undefined'.
src/lib/ai/stations/network-diagnostics.ts(421,50): error TS2349: This expression is not callable.
  Type 'objectOutputType<{ name: ZodString; role: ZodOptional<ZodString>; }, ZodTypeAny, "passthrough">' has no call signatures.
src/lib/ai/stations/network-diagnostics.ts(434,23): error TS2532: Object is possibly 'undefined'.
src/lib/ai/stations/network-diagnostics.ts(434,23): error TS2722: Cannot invoke an object which is possibly 'undefined'.
src/lib/ai/stations/network-diagnostics.ts(434,47): error TS2349: This expression is not callable.
  Type 'objectOutputType<{ name: ZodString; role: ZodOptional<ZodString>; }, ZodTypeAny, "passthrough">' has no call signatures.
src/lib/ai/stations/network-diagnostics.ts(438,31): error TS2722: Cannot invoke an object which is possibly 'undefined'.
src/lib/ai/stations/network-diagnostics.ts(438,55): error TS2349: This expression is not callable.
  Type 'objectOutputType<{ name: ZodString; role: ZodOptional<ZodString>; }, ZodTypeAny, "passthrough">' has no call signatures.
src/lib/ai/stations/network-diagnostics.ts(452,34): error TS2722: Cannot invoke an object which is possibly 'undefined'.
src/lib/ai/stations/network-diagnostics.ts(452,57): error TS2349: This expression is not callable.
  Type 'objectOutputType<{ id: ZodOptional<ZodString>; name: ZodOptional<ZodString>; type: ZodOptional<ZodString>; subject: ZodOptional<...>; ... 4 more ...; description: ZodOptional<...>; }, ZodTypeAny, "passthrough">' has no call signatures.
src/lib/ai/stations/network-diagnostics.ts(490,41): error TS2722: Cannot invoke an object which is possibly 'undefined'.
src/lib/ai/stations/network-diagnostics.ts(490,68): error TS2349: This expression is not callable.
  Type 'objectOutputType<{ id: ZodOptional<ZodString>; source: ZodString; target: ZodString; type: ZodOptional<ZodString>; strength: ZodOptional<...>; }, ZodTypeAny, "passthrough">[]' has no call signatures.
src/lib/ai/stations/network-diagnostics.ts(497,42): error TS2345: Argument of type 'unknown' is not assignable to parameter of type 'objectOutputType<{ id: ZodOptional<ZodString>; source: ZodString; target: ZodString; type: ZodOptional<ZodString>; strength: ZodOptional<...>; }, ZodTypeAny, "passthrough">'.
  Type 'unknown' is not assignable to type '{ source: string; target: string; type?: string | undefined; id?: string | undefined; strength?: number | undefined; }'.
src/lib/ai/stations/network-diagnostics.ts(498,28): error TS18046: 'rel1' is of type 'unknown'.
src/lib/ai/stations/network-diagnostics.ts(498,37): error TS18046: 'rel2' is of type 'unknown'.
src/lib/ai/stations/network-diagnostics.ts(509,34): error TS2722: Cannot invoke an object which is possibly 'undefined'.
src/lib/ai/stations/network-diagnostics.ts(509,57): error TS2349: This expression is not callable.
  Type 'objectOutputType<{ id: ZodOptional<ZodString>; name: ZodOptional<ZodString>; type: ZodOptional<ZodString>; subject: ZodOptional<...>; ... 4 more ...; description: ZodOptional<...>; }, ZodTypeAny, "passthrough">' has no call signatures.
src/lib/ai/stations/network-diagnostics.ts(513,25): error TS2345: Argument of type 'string | undefined' is not assignable to parameter of type 'string'.
  Type 'undefined' is not assignable to type 'string'.
src/lib/ai/stations/network-diagnostics.ts(516,21): error TS2345: Argument of type 'string | undefined' is not assignable to parameter of type 'string'.
  Type 'undefined' is not assignable to type 'string'.
src/lib/ai/stations/network-diagnostics.ts(521,26): error TS2345: Argument of type 'string | undefined' is not assignable to parameter of type 'string'.
  Type 'undefined' is not assignable to type 'string'.
src/lib/ai/stations/network-diagnostics.ts(525,27): error TS2345: Argument of type 'string | undefined' is not assignable to parameter of type 'string'.
  Type 'undefined' is not assignable to type 'string'.
src/lib/ai/stations/network-diagnostics.ts(531,21): error TS2345: Argument of type '(string | undefined)[]' is not assignable to parameter of type 'string[]'.
  Type 'string | undefined' is not assignable to type 'string'.
    Type 'undefined' is not assignable to type 'string'.
src/lib/ai/stations/orchestrator.ts(23,3): error TS2305: Module '"./station6-diagnostics-treatment"' has no exported member 'Station6DiagnosticsAndTreatment'.
src/lib/ai/stations/orchestrator.ts(31,8): error TS2613: Module '"K:/New folder (51)/frontend/src/lib/ai/utils/logger"' has no default export. Did you mean to use 'import { logger } from "K:/New folder (51)/frontend/src/lib/ai/utils/logger"' instead?
src/lib/ai/stations/orchestrator.ts(144,15): error TS2554: Expected 1 arguments, but got 2.
src/lib/ai/stations/orchestrator.ts(146,43): error TS2445: Property 'execute' is protected and only accessible within class 'Station1TextAnalysis' and its subclasses.
src/lib/ai/stations/orchestrator.ts(146,43): error TS2554: Expected 2 arguments, but got 1.
src/lib/ai/stations/orchestrator.ts(150,27): error TS2339: Property 'output' does not exist on type 'Station1Output'.
src/lib/ai/stations/orchestrator.ts(173,15): error TS2554: Expected 1 arguments, but got 2.
src/lib/ai/stations/orchestrator.ts(175,43): error TS2445: Property 'execute' is protected and only accessible within class 'Station2ConceptualAnalysis' and its subclasses.
src/lib/ai/stations/orchestrator.ts(175,43): error TS2554: Expected 2 arguments, but got 1.
src/lib/ai/stations/orchestrator.ts(179,27): error TS2339: Property 'output' does not exist on type 'Station2Output'.
src/lib/ai/stations/orchestrator.ts(204,15): error TS2554: Expected 1 arguments, but got 2.
src/lib/ai/stations/orchestrator.ts(206,43): error TS2445: Property 'execute' is protected and only accessible within class 'Station3NetworkBuilder' and its subclasses.
src/lib/ai/stations/orchestrator.ts(206,43): error TS2554: Expected 2 arguments, but got 1.
src/lib/ai/stations/orchestrator.ts(211,27): error TS2339: Property 'output' does not exist on type 'Station3Output'.
src/lib/ai/stations/orchestrator.ts(236,51): error TS2345: Argument of type '{ station3Output: Station3Output; }' is not assignable to parameter of type 'Station4Input'.
  Property 'originalText' is missing in type '{ station3Output: Station3Output; }' but required in type 'Station4Input'.
src/lib/ai/stations/orchestrator.ts(270,15): error TS2322: Type 'ConflictNetwork' is not assignable to type 'objectOutputType<{ characters: ZodRecord<ZodString, ZodObject<{ name: ZodString; role: ZodOptional<ZodString>; }, "passthrough", ZodTypeAny, objectOutputType<{ name: ZodString; role: ZodOptional<...>; }, ZodTypeAny, "passthrough">, objectInputType<...>>>; relationships: ZodRecord<...>; conflicts: ZodOptional<...>; }...'.
  Type 'ConflictNetwork' is not assignable to type '{ characters: Record<string, objectOutputType<{ name: ZodString; role: ZodOptional<ZodString>; }, ZodTypeAny, "passthrough">>; relationships: Record<...>; conflicts?: Record<...> | undefined; }'.
    Types of property 'characters' are incompatible.
      Type 'Map<string, Character>' is not assignable to type 'Record<string, objectOutputType<{ name: ZodString; role: ZodOptional<ZodString>; }, ZodTypeAny, "passthrough">>'.
        Index signature for type 'string' is missing in type 'Map<string, Character>'.
src/lib/ai/stations/orchestrator.ts(334,15): error TS2322: Type 'ConflictNetwork' is not assignable to type 'objectOutputType<{ characters: ZodRecord<ZodString, ZodObject<{ name: ZodString; role: ZodOptional<ZodString>; }, "passthrough", ZodTypeAny, objectOutputType<{ name: ZodString; role: ZodOptional<...>; }, ZodTypeAny, "passthrough">, objectInputType<...>>>; relationships: ZodRecord<...>; conflicts: ZodOptional<...>; }...'.
  Type 'ConflictNetwork' is not assignable to type '{ characters: Record<string, objectOutputType<{ name: ZodString; role: ZodOptional<ZodString>; }, ZodTypeAny, "passthrough">>; relationships: Record<...>; conflicts?: Record<...> | undefined; }'.
    Types of property 'characters' are incompatible.
      Type 'Map<string, Character>' is not assignable to type 'Record<string, objectOutputType<{ name: ZodString; role: ZodOptional<ZodString>; }, ZodTypeAny, "passthrough">>'.
        Index signature for type 'string' is missing in type 'Map<string, Character>'.
src/lib/ai/stations/run-all-stations.ts(6,8): error TS2613: Module '"K:/New folder (51)/frontend/src/lib/ai/utils/logger"' has no default export. Did you mean to use 'import { logger } from "K:/New folder (51)/frontend/src/lib/ai/utils/logger"' instead?
src/lib/ai/stations/run-all-stations.ts(8,3): error TS2305: Module '"./types"' has no exported member 'PipelineInputSchema'.
src/lib/ai/stations/run-all-stations.ts(9,3): error TS2305: Module '"./types"' has no exported member 'validateAndNormalizePipelineInput'.
src/lib/ai/stations/run-all-stations.ts(10,8): error TS2305: Module '"./types"' has no exported member 'PipelineInput'.
src/lib/ai/stations/run-all-stations.ts(11,8): error TS2305: Module '"./types"' has no exported member 'PipelineRunResult'.
src/lib/ai/stations/run-all-stations.ts(12,8): error TS2305: Module '"./types"' has no exported member 'StationStatus'.
src/lib/ai/stations/run-all-stations.ts(147,9): error TS2353: Object literal may only specify known properties, and 'stationOutputs' does not exist in type 'EnhancedPipelineRunResult'.
src/lib/ai/stations/run-all-stations.ts(205,9): error TS2353: Object literal may only specify known properties, and 'stationOutputs' does not exist in type 'EnhancedPipelineRunResult'.
src/lib/ai/stations/run-all-stations.ts(440,31): error TS2379: Argument of type '{ apiKey: string; outputDir: string | undefined; enableCaching: false; enableRetry: true; maxRetries: number; retryDelay: number; enableProgressTracking: true; enableDetailedLogging: false; delayBetweenStations: number; geminiModel: GeminiModel.FLASH; fallbackModel: GeminiModel.FLASH_LITE; timeout: number; }' is not assignable to parameter of type 'AnalysisPipelineConfig' with 'exactOptionalPropertyTypes: true'. Consider adding 'undefined' to the types of the target's properties.
  Types of property 'outputDir' are incompatible.
    Type 'string | undefined' is not assignable to type 'string'.
      Type 'undefined' is not assignable to type 'string'.
src/lib/ai/stations/run-all-stations.ts(460,31): error TS2379: Argument of type '{ apiKey: string; outputDir: string | undefined; enableCaching: true; enableRetry: true; maxRetries: number; retryDelay: number; enableProgressTracking: true; enableDetailedLogging: true; delayBetweenStations: number; geminiModel: GeminiModel.PRO; fallbackModel: GeminiModel.FLASH; timeout: number; }' is not assignable to parameter of type 'AnalysisPipelineConfig' with 'exactOptionalPropertyTypes: true'. Consider adding 'undefined' to the types of the target's properties.
  Types of property 'outputDir' are incompatible.
    Type 'string | undefined' is not assignable to type 'string'.
      Type 'undefined' is not assignable to type 'string'.
src/lib/ai/stations/station3-network-builder.ts(643,13): error TS2561: Object literal may only specify known properties, but 'involvedCharacterIds' does not exist in type 'Conflict'. Did you mean to write 'involvedCharacters'?
src/lib/ai/stations/station4-efficiency-metrics.ts(5,58): error TS2307: Cannot find module '../constitutional' or its corresponding type declarations.
src/lib/ai/stations/station4-efficiency-metrics.ts(130,39): error TS2339: Property 'networkSummary' does not exist on type 'Station3Output'.
src/lib/ai/stations/station4-efficiency-metrics.ts(594,22): error TS2339: Property 'participants' does not exist on type 'Conflict'.
src/lib/ai/stations/station4-efficiency-metrics.ts(611,38): error TS2532: Object is possibly 'undefined'.
src/lib/ai/stations/station4-efficiency-metrics.ts(691,49): error TS7006: Parameter 'source' implicitly has an 'any' type.
src/lib/ai/stations/station5-dynamic-symbolic-stylistic.ts(5,3): error TS2305: Module '"../core/models/base-entities"' has no exported member 'ConflictPhase'.
src/lib/ai/stations/station5-dynamic-symbolic-stylistic.ts(6,3): error TS2305: Module '"../core/models/base-entities"' has no exported member 'NetworkSnapshot'.
src/lib/ai/stations/station5-dynamic-symbolic-stylistic.ts(10,18): error TS2614: Module '"../gemini-core"' has no exported member 'safeSub'. Did you mean to use 'import safeSub from "../gemini-core"' instead?
src/lib/ai/stations/station5-dynamic-symbolic-stylistic.ts(18,8): error TS2307: Cannot find module '../constitutional' or its corresponding type declarations.
src/lib/ai/stations/station5-dynamic-symbolic-stylistic.ts(316,28): error TS18046: 'network.snapshots' is of type 'unknown'.
src/lib/ai/stations/station5-dynamic-symbolic-stylistic.ts(325,11): error TS2345: Argument of type 'unknown' is not assignable to parameter of type 'NetworkSnapshot[]'.
src/lib/ai/stations/station5-dynamic-symbolic-stylistic.ts(331,39): error TS18048: 'network.conflicts' is possibly 'undefined'.
src/lib/ai/stations/station5-dynamic-symbolic-stylistic.ts(331,39): error TS2722: Cannot invoke an object which is possibly 'undefined'.
src/lib/ai/stations/station5-dynamic-symbolic-stylistic.ts(331,57): error TS2349: This expression is not callable.
  Type 'objectOutputType<{ id: ZodOptional<ZodString>; name: ZodOptional<ZodString>; type: ZodOptional<ZodString>; subject: ZodOptional<...>; ... 4 more ...; description: ZodOptional<...>; }, ZodTypeAny, "passthrough">' has no call signatures.
src/lib/ai/stations/station5-dynamic-symbolic-stylistic.ts(338,48): error TS18046: 'conflict' is of type 'unknown'.
src/lib/ai/stations/station5-dynamic-symbolic-stylistic.ts(353,45): error TS18046: 'conflict' is of type 'unknown'.
src/lib/ai/stations/station5-dynamic-symbolic-stylistic.ts(355,25): error TS18046: 'conflict' is of type 'unknown'.
src/lib/ai/stations/station5-dynamic-symbolic-stylistic.ts(356,25): error TS18046: 'conflict' is of type 'unknown'.
src/lib/ai/stations/station5-dynamic-symbolic-stylistic.ts(358,25): error TS18046: 'conflict' is of type 'unknown'.
src/lib/ai/stations/station5-dynamic-symbolic-stylistic.ts(361,13): error TS2345: Argument of type 'unknown' is not assignable to parameter of type 'NetworkSnapshot[]'.
src/lib/ai/stations/station5-dynamic-symbolic-stylistic.ts(368,16): error TS2488: Type 'unknown' must have a '[Symbol.iterator]()' method that returns an iterator.
src/lib/ai/stations/station5-dynamic-symbolic-stylistic.ts(369,7): error TS2722: Cannot invoke an object which is possibly 'undefined'.
src/lib/ai/stations/station5-dynamic-symbolic-stylistic.ts(369,26): error TS2349: This expression is not callable.
  Type 'objectOutputType<{ name: ZodString; role: ZodOptional<ZodString>; }, ZodTypeAny, "passthrough">' has no call signatures.
src/lib/ai/stations/station5-dynamic-symbolic-stylistic.ts(381,61): error TS2345: Argument of type 'unknown' is not assignable to parameter of type 'NetworkSnapshot[]'.
src/lib/ai/stations/station5-dynamic-symbolic-stylistic.ts(435,28): error TS18046: 'network.snapshots' is of type 'unknown'.
src/lib/ai/stations/station5-dynamic-symbolic-stylistic.ts(459,24): error TS18046: 'network.snapshots' is of type 'unknown'.
src/lib/ai/stations/station5-dynamic-symbolic-stylistic.ts(532,16): error TS2488: Type 'unknown' must have a '[Symbol.iterator]()' method that returns an iterator.
src/lib/ai/stations/station5-dynamic-symbolic-stylistic.ts(533,7): error TS2722: Cannot invoke an object which is possibly 'undefined'.
src/lib/ai/stations/station5-dynamic-symbolic-stylistic.ts(533,26): error TS2349: This expression is not callable.
  Type 'objectOutputType<{ name: ZodString; role: ZodOptional<ZodString>; }, ZodTypeAny, "passthrough">' has no call signatures.
src/lib/ai/stations/station5-dynamic-symbolic-stylistic.ts(538,30): error TS18046: 'network.snapshots' is of type 'unknown'.
src/lib/ai/stations/station5-dynamic-symbolic-stylistic.ts(548,22): error TS2488: Type 'unknown' must have a '[Symbol.iterator]()' method that returns an iterator.
src/lib/ai/stations/station5-dynamic-symbolic-stylistic.ts(558,22): error TS2488: Type 'unknown' must have a '[Symbol.iterator]()' method that returns an iterator.
src/lib/ai/stations/station5-dynamic-symbolic-stylistic.ts(661,16): error TS2488: Type 'unknown' must have a '[Symbol.iterator]()' method that returns an iterator.
src/lib/ai/stations/station5-dynamic-symbolic-stylistic.ts(661,49): error TS18048: 'network.conflicts' is possibly 'undefined'.
src/lib/ai/stations/station5-dynamic-symbolic-stylistic.ts(661,49): error TS2722: Cannot invoke an object which is possibly 'undefined'.
src/lib/ai/stations/station5-dynamic-symbolic-stylistic.ts(661,67): error TS2349: This expression is not callable.
  Type 'objectOutputType<{ id: ZodOptional<ZodString>; name: ZodOptional<ZodString>; type: ZodOptional<ZodString>; subject: ZodOptional<...>; ... 4 more ...; description: ZodOptional<...>; }, ZodTypeAny, "passthrough">' has no call signatures.
src/lib/ai/stations/station5-dynamic-symbolic-stylistic.ts(667,30): error TS18046: 'network.snapshots' is of type 'unknown'.
src/lib/ai/stations/station5-dynamic-symbolic-stylistic.ts(1327,7): error TS2345: Argument of type 'Record<string, objectOutputType<{ name: ZodString; role: ZodOptional<ZodString>; }, ZodTypeAny, "passthrough">>' is not assignable to parameter of type 'Map<string, any>'.
  Type 'Record<string, objectOutputType<{ name: ZodString; role: ZodOptional<ZodString>; }, ZodTypeAny, "passthrough">>' is missing the following properties from type 'Map<string, any>': clear, delete, forEach, get, and 8 more.
src/lib/ai/stations/station5-dynamic-symbolic-stylistic.ts(1362,56): error TS7006: Parameter 'source' implicitly has an 'any' type.
src/lib/ai/stations/station5-dynamic-symbolic-stylistic.ts(1444,23): error TS18048: 'input.conflictNetwork.conflicts' is possibly 'undefined'.
src/lib/ai/stations/station6-diagnostics-treatment.ts(7,8): error TS2307: Cannot find module './station-types' or its corresponding type declarations.
src/lib/ai/stations/station6-diagnostics-treatment.ts(276,34): error TS2693: 'UncertaintyQuantificationEngine' only refers to a type, but is being used as a value here.
src/lib/ai/stations/station6-diagnostics-treatment.ts(439,47): error TS2339: Property 'generateContent' does not exist on type 'GeminiService'.
src/lib/ai/stations/station6-diagnostics-treatment.ts(573,11): error TS2353: Object literal may only specify known properties, and 'maxRounds' does not exist in type '{ analysisType: string; previousResults?: any; }'.
src/lib/ai/stations/station6-diagnostics-treatment.ts(665,47): error TS2339: Property 'generateContent' does not exist on type 'GeminiService'.
src/lib/ai/stations/station6-diagnostics-treatment.ts(732,11): error TS2322: Type '{ priority: "immediate"; category: "character" | "dialogue" | "theme" | "plot" | "structure" | "pacing" | "continuity"; title: string; description: string; rationale: string; impact: number; ... 4 more ...; expectedOutcome: string; }[]' is not assignable to type 'Recommendation[]'.
  Type '{ priority: "immediate"; category: "character" | "dialogue" | "theme" | "plot" | "structure" | "pacing" | "continuity"; title: string; description: string; rationale: string; impact: number; ... 4 more ...; expectedOutcome: string; }' is not assignable to type 'Recommendation'.
    Types of property 'category' are incompatible.
      Type '"character" | "dialogue" | "theme" | "plot" | "structure" | "pacing" | "continuity"' is not assignable to type '"character" | "dialogue" | "theme" | "plot" | "structure" | "pacing"'.
        Type '"continuity"' is not assignable to type '"character" | "dialogue" | "theme" | "plot" | "structure" | "pacing"'.
src/lib/ai/stations/station6-diagnostics-treatment.ts(878,47): error TS2339: Property 'generateContent' does not exist on type 'GeminiService'.
src/lib/ai/stations/station7-finalization.ts(11,8): error TS2613: Module '"K:/New folder (51)/frontend/src/lib/ai/utils/logger"' has no default export. Did you mean to use 'import { logger } from "K:/New folder (51)/frontend/src/lib/ai/utils/logger"' instead?
src/lib/ai/stations/station7-finalization.ts(317,12): error TS2551: Property 'symbolicAnalysisResults' does not exist on type 'Station5Output'. Did you mean 'symbolicAnalysis'?
src/lib/ai/stations/station7-finalization.ts(318,22): error TS2551: Property 'symbolicAnalysisResults' does not exist on type 'Station5Output'. Did you mean 'symbolicAnalysis'?
src/lib/ai/stations/station7-finalization.ts(319,12): error TS2551: Property 'symbolicAnalysisResults' does not exist on type 'Station5Output'. Did you mean 'symbolicAnalysis'?
src/lib/ai/stations/station7-finalization.ts(320,22): error TS2551: Property 'symbolicAnalysisResults' does not exist on type 'Station5Output'. Did you mean 'symbolicAnalysis'?
src/lib/ai/stations/station7-finalization.ts(321,12): error TS2551: Property 'stylisticAnalysisResults' does not exist on type 'Station5Output'. Did you mean 'stylisticAnalysis'?
src/lib/ai/stations/station7-finalization.ts(323,12): error TS2551: Property 'stylisticAnalysisResults' does not exist on type 'Station5Output'. Did you mean 'stylisticAnalysis'?
src/lib/ai/stations/station7-finalization.ts(350,23): error TS2339: Property 'networkSummary' does not exist on type 'Station3Output'.
src/lib/ai/stations/station7-finalization.ts(351,23): error TS2339: Property 'networkSummary' does not exist on type 'Station3Output'.
src/lib/ai/stations/station7-finalization.ts(402,14): error TS2551: Property 'networkAnalysisResults' does not exist on type 'Station3Output'. Did you mean 'networkAnalysis'?
src/lib/ai/stations/station7-finalization.ts(404,12): error TS2551: Property 'networkAnalysisResults' does not exist on type 'Station3Output'. Did you mean 'networkAnalysis'?
src/lib/ai/stations/station7-finalization.ts(405,22): error TS2551: Property 'networkAnalysisResults' does not exist on type 'Station3Output'. Did you mean 'networkAnalysis'?
src/lib/ai/stations/station7-finalization.ts(407,12): error TS2551: Property 'networkAnalysisResults' does not exist on type 'Station3Output'. Did you mean 'networkAnalysis'?
src/lib/ai/stations/station7-finalization.ts(408,22): error TS2551: Property 'networkAnalysisResults' does not exist on type 'Station3Output'. Did you mean 'networkAnalysis'?
src/lib/ai/stations/station7-finalization.ts(424,13): error TS2551: Property 'networkAnalysisResults' does not exist on type 'Station3Output'. Did you mean 'networkAnalysis'?
src/lib/ai/stations/station7-finalization.ts(425,22): error TS2551: Property 'networkAnalysisResults' does not exist on type 'Station3Output'. Did you mean 'networkAnalysis'?
src/lib/ai/stations/station7-finalization.ts(533,24): error TS2551: Property 'symbolicAnalysisResults' does not exist on type 'Station5Output'. Did you mean 'symbolicAnalysis'?
src/lib/ai/stations/station7-finalization.ts(534,27): error TS2551: Property 'stylisticAnalysisResults' does not exist on type 'Station5Output'. Did you mean 'stylisticAnalysis'?
src/lib/ai/stations/station7-finalization.ts(609,99): error TS2339: Property 'severity' does not exist on type 'DiagnosticIssue'.
src/lib/ai/stations/station7-finalization.ts(659,32): error TS2551: Property 'confidenceScore' does not exist on type '{ confidence: number; uncertainties: { type: "epistemic" | "aleatoric"; aspect: string; note: string; reducible: boolean; }[]; }'. Did you mean 'confidence'?
src/lib/ai/stations/station7-finalization.ts(660,63): error TS2551: Property 'confidenceScore' does not exist on type '{ confidence: number; uncertainties: { type: "epistemic" | "aleatoric"; aspect: string; note: string; reducible: boolean; }[]; }'. Did you mean 'confidence'?
src/lib/ai/stations/station7-finalization.ts(661,13): error TS2339: Property 'uncertaintyReport' does not exist on type 'Station2Output'.
src/lib/ai/stations/station7-finalization.ts(662,45): error TS2339: Property 'uncertaintyReport' does not exist on type 'Station2Output'.
src/lib/ai/stations/station7-finalization.ts(663,32): error TS2551: Property 'confidenceScore' does not exist on type '{ confidence: number; uncertainties: { type: "epistemic" | "aleatoric"; aspect: string; note: string; }[]; }'. Did you mean 'confidence'?
src/lib/ai/stations/station7-finalization.ts(664,63): error TS2551: Property 'confidenceScore' does not exist on type '{ confidence: number; uncertainties: { type: "epistemic" | "aleatoric"; aspect: string; note: string; }[]; }'. Did you mean 'confidence'?
src/lib/ai/stations/station7-finalization.ts(665,32): error TS2339: Property 'confidenceScore' does not exist on type 'UncertaintyReport'.
src/lib/ai/stations/station7-finalization.ts(666,63): error TS2339: Property 'confidenceScore' does not exist on type 'UncertaintyReport'.
src/lib/ai/stations/station7-finalization.ts(667,32): error TS2339: Property 'confidenceScore' does not exist on type 'UncertaintyReport'.
src/lib/ai/stations/station7-finalization.ts(668,63): error TS2339: Property 'confidenceScore' does not exist on type 'UncertaintyReport'.
src/lib/ai/stations/station7-finalization.ts(683,20): error TS2339: Property 'uncertaintyReport' does not exist on type 'Station1Output | Station2Output | Station3Output | Station4Output | Station5Output | Station6Output'.
  Property 'uncertaintyReport' does not exist on type 'Station2Output'.
src/lib/ai/stations/station7-finalization.ts(685,22): error TS2339: Property 'uncertaintyReport' does not exist on type 'Station1Output | Station2Output | Station3Output | Station4Output | Station5Output | Station6Output'.
  Property 'uncertaintyReport' does not exist on type 'Station2Output'.
src/lib/ai/stations/station7-finalization.ts(688,20): error TS2339: Property 'uncertaintyReport' does not exist on type 'Station1Output | Station2Output | Station3Output | Station4Output | Station5Output | Station6Output'.
  Property 'uncertaintyReport' does not exist on type 'Station2Output'.
src/lib/ai/stations/station7-finalization.ts(690,22): error TS2339: Property 'uncertaintyReport' does not exist on type 'Station1Output | Station2Output | Station3Output | Station4Output | Station5Output | Station6Output'.
  Property 'uncertaintyReport' does not exist on type 'Station2Output'.
src/lib/ai/stations/station7-finalization.ts(693,20): error TS2339: Property 'uncertaintyReport' does not exist on type 'Station1Output | Station2Output | Station3Output | Station4Output | Station5Output | Station6Output'.
  Property 'uncertaintyReport' does not exist on type 'Station2Output'.
src/lib/ai/stations/station7-finalization.ts(694,42): error TS2339: Property 'uncertaintyReport' does not exist on type 'Station1Output | Station2Output | Station3Output | Station4Output | Station5Output | Station6Output'.
  Property 'uncertaintyReport' does not exist on type 'Station2Output'.
src/lib/ai/stations/station7-finalization.ts(719,20): error TS2339: Property 'agentsUsed' does not exist on type 'Station1Output | Station2Output | Station3Output | Station4Output | Station5Output | Station6Output'.
  Property 'agentsUsed' does not exist on type 'Station1Output'.
src/lib/ai/stations/station7-finalization.ts(719,56): error TS2339: Property 'agentsUsed' does not exist on type 'Station1Output | Station2Output | Station3Output | Station4Output | Station5Output | Station6Output'.
  Property 'agentsUsed' does not exist on type 'Station1Output'.
src/lib/ai/stations/station7-finalization.ts(720,17): error TS2339: Property 'agentsUsed' does not exist on type 'Station1Output | Station2Output | Station3Output | Station4Output | Station5Output | Station6Output'.
  Property 'agentsUsed' does not exist on type 'Station1Output'.
src/lib/ai/stations/station7-finalization.ts(720,37): error TS7006: Parameter 'agent' implicitly has an 'any' type.
src/lib/ai/stations/station7-finalization.ts(736,20): error TS2339: Property 'tokensUsed' does not exist on type 'Station1Output | Station2Output | Station3Output | Station4Output | Station5Output | Station6Output'.
  Property 'tokensUsed' does not exist on type 'Station1Output'.
src/lib/ai/stations/station7-finalization.ts(736,49): error TS2339: Property 'tokensUsed' does not exist on type 'Station1Output | Station2Output | Station3Output | Station4Output | Station5Output | Station6Output'.
  Property 'tokensUsed' does not exist on type 'Station1Output'.
src/lib/ai/stations/station7-finalization.ts(737,26): error TS2339: Property 'tokensUsed' does not exist on type 'Station1Output | Station2Output | Station3Output | Station4Output | Station5Output | Station6Output'.
  Property 'tokensUsed' does not exist on type 'Station1Output'.
src/lib/ai/stations/station7-finalization.ts(1066,54): error TS2345: Argument of type 'string | undefined' is not assignable to parameter of type 'string'.
  Type 'undefined' is not assignable to type 'string'.
src/lib/ai/stations/station7-finalization.ts(1069,61): error TS2345: Argument of type 'string | undefined' is not assignable to parameter of type 'string'.
  Type 'undefined' is not assignable to type 'string'.
src/lib/ai/stations/station7-finalization.ts(1072,51): error TS2345: Argument of type 'string | undefined' is not assignable to parameter of type 'string'.
  Type 'undefined' is not assignable to type 'string'.
src/lib/ai/stations/station7-finalization.ts(1075,51): error TS2345: Argument of type 'string | undefined' is not assignable to parameter of type 'string'.
  Type 'undefined' is not assignable to type 'string'.
src/lib/ai/stations/station7-finalization.ts(1078,53): error TS2345: Argument of type 'string | undefined' is not assignable to parameter of type 'string'.
  Type 'undefined' is not assignable to type 'string'.
src/lib/ai/stations/station7-finalization.ts(1117,33): error TS2532: Object is possibly 'undefined'.
src/lib/ai/stations/station7-finalization.ts(1119,37): error TS2532: Object is possibly 'undefined'.
src/lib/ai/stations/station7-finalization.ts(1121,41): error TS2532: Object is possibly 'undefined'.
src/lib/ai/stations/station7-finalization.ts(1123,34): error TS2532: Object is possibly 'undefined'.
src/lib/ai/stations/station7-finalization.ts(1126,51): error TS2345: Argument of type 'string | undefined' is not assignable to parameter of type 'string'.
  Type 'undefined' is not assignable to type 'string'.
src/lib/ai/stations/station7-finalization.ts(1128,28): error TS2532: Object is possibly 'undefined'.
src/lib/ai/stations/station7-finalization.ts(1150,23): error TS18048: 'input.conflictNetwork.conflicts' is possibly 'undefined'.
src/lib/api.ts(5,3): error TS2305: Module '"@/types/api"' has no exported member 'RequestMethod'.
src/lib/api.ts(17,3): error TS2305: Module '"@/types/api"' has no exported member 'ShotSuggestionsResponse'.
src/lib/api.ts(18,3): error TS2305: Module '"@/types/api"' has no exported member 'ChatResponse'.
src/lib/api.ts(25,27): error TS1361: 'RequestMethod' cannot be used as a value because it was imported using 'import type'.
src/lib/api.ts(72,85): error TS1361: 'RequestMethod' cannot be used as a value because it was imported using 'import type'.
src/lib/api.ts(76,116): error TS1361: 'RequestMethod' cannot be used as a value because it was imported using 'import type'.
src/lib/api.ts(80,61): error TS1361: 'RequestMethod' cannot be used as a value because it was imported using 'import type'.
src/lib/api.ts(89,57): error TS1361: 'RequestMethod' cannot be used as a value because it was imported using 'import type'.
src/lib/api.ts(93,63): error TS1361: 'RequestMethod' cannot be used as a value because it was imported using 'import type'.
src/lib/api.ts(97,76): error TS1361: 'RequestMethod' cannot be used as a value because it was imported using 'import type'.
src/lib/api.ts(106,77): error TS1361: 'RequestMethod' cannot be used as a value because it was imported using 'import type'.
src/lib/api.ts(110,61): error TS1361: 'RequestMethod' cannot be used as a value because it was imported using 'import type'.
src/lib/api.ts(114,78): error TS1361: 'RequestMethod' cannot be used as a value because it was imported using 'import type'.
src/lib/api.ts(119,75): error TS1361: 'RequestMethod' cannot be used as a value because it was imported using 'import type'.
src/lib/api.ts(123,59): error TS1361: 'RequestMethod' cannot be used as a value because it was imported using 'import type'.
src/lib/api.ts(127,74): error TS1361: 'RequestMethod' cannot be used as a value because it was imported using 'import type'.
src/lib/api.ts(132,69): error TS1361: 'RequestMethod' cannot be used as a value because it was imported using 'import type'.
src/lib/api.ts(136,57): error TS1361: 'RequestMethod' cannot be used as a value because it was imported using 'import type'.
src/lib/api.ts(140,73): error TS1361: 'RequestMethod' cannot be used as a value because it was imported using 'import type'.
src/lib/cache-middleware.ts(75,7): error TS2322: Type 'NextResponse<Awaited<T> | null>' is not assignable to type 'NextResponse<T>'.
  Type 'Awaited<T> | null' is not assignable to type 'T'.
    'T' could be instantiated with an arbitrary type which could be unrelated to 'Awaited<T> | null'.
src/lib/device-performance.ts(88,11): error TS2375: Type '{ hardwareConcurrency: number; deviceMemory: number | undefined; screenWidth: number; prefersReducedMotion: boolean; }' is not assignable to type 'DeviceCapabilities' with 'exactOptionalPropertyTypes: true'. Consider adding 'undefined' to the types of the target's properties.
  Types of property 'deviceMemory' are incompatible.
    Type 'number | undefined' is not assignable to type 'number'.
      Type 'undefined' is not assignable to type 'number'.
src/lib/drama-analyst/agents/adaptiveRewriting/AdaptiveRewritingAgent.ts(130,19): error TS4114: This member must have an 'override' modifier because it overrides a member in the base class 'BaseAgent'.
src/lib/drama-analyst/agents/adaptiveRewriting/AdaptiveRewritingAgent.ts(153,7): error TS2322: Type 'string' is not assignable to type 'string[]'.
src/lib/drama-analyst/agents/adaptiveRewriting/AdaptiveRewritingAgent.ts(295,38): error TS2345: Argument of type 'string[]' is not assignable to parameter of type 'string'.
src/lib/drama-analyst/agents/adaptiveRewriting/AdaptiveRewritingAgent.ts(325,19): error TS4114: This member must have an 'override' modifier because it overrides a member in the base class 'BaseAgent'.
src/lib/drama-analyst/agents/adaptiveRewriting/agent.ts(2,10): error TS2305: Module '"@core/types"' has no exported member 'AIAgentConfig'.
src/lib/drama-analyst/agents/adaptiveRewriting/agent.ts(32,14): error TS2339: Property 'PLATFORM_ADAPTER' does not exist on type 'typeof TaskType'.
src/lib/drama-analyst/agents/adaptiveRewriting/agent.ts(37,23): error TS2339: Property 'PLATFORM_ADAPTER' does not exist on type 'typeof TaskType'.
src/lib/drama-analyst/agents/analysis/agent.ts(2,10): error TS2305: Module '"@core/types"' has no exported member 'AIAgentConfig'.
src/lib/drama-analyst/agents/analysis/agent.ts(9,26): error TS2339: Property 'CORE' does not exist on type 'typeof TaskCategory'.
src/lib/drama-analyst/agents/audienceResonance/agent.ts(2,10): error TS2305: Module '"@core/types"' has no exported member 'AIAgentConfig'.
src/lib/drama-analyst/agents/audienceResonance/agent.ts(5,16): error TS2339: Property 'AUDIENCE_RESONANCE' does not exist on type 'typeof TaskType'.
src/lib/drama-analyst/agents/audienceResonance/agent.ts(9,26): error TS2339: Property 'PREDICTIVE' does not exist on type 'typeof TaskCategory'.
src/lib/drama-analyst/agents/characterDeepAnalyzer/agent.ts(2,10): error TS2305: Module '"@core/types"' has no exported member 'AIAgentConfig'.
src/lib/drama-analyst/agents/characterDeepAnalyzer/agent.ts(9,26): error TS2339: Property 'ADVANCED_MODULES' does not exist on type 'typeof TaskCategory'.
src/lib/drama-analyst/agents/characterNetwork/agent.ts(2,10): error TS2305: Module '"@core/types"' has no exported member 'AIAgentConfig'.
src/lib/drama-analyst/agents/characterNetwork/CharacterNetworkAgent.ts(93,19): error TS4114: This member must have an 'override' modifier because it overrides a member in the base class 'BaseAgent'.
src/lib/drama-analyst/agents/characterNetwork/CharacterNetworkAgent.ts(116,7): error TS2322: Type 'string' is not assignable to type 'string[]'.
src/lib/drama-analyst/agents/characterNetwork/CharacterNetworkAgent.ts(318,38): error TS2345: Argument of type 'string[]' is not assignable to parameter of type 'string'.
src/lib/drama-analyst/agents/characterNetwork/CharacterNetworkAgent.ts(337,19): error TS4114: This member must have an 'override' modifier because it overrides a member in the base class 'BaseAgent'.
src/lib/drama-analyst/agents/characterNetwork/prompt-builder.ts(6,10): error TS2724: '"./CharacterNetworkAgent"' has no exported member named 'CharacterNetworkContext'. Did you mean 'CharacterNetworkAgent'?
src/lib/drama-analyst/agents/characterVoice/agent.ts(2,10): error TS2305: Module '"@core/types"' has no exported member 'AIAgentConfig'.
src/lib/drama-analyst/agents/characterVoice/CharacterVoiceAgent.ts(115,19): error TS4114: This member must have an 'override' modifier because it overrides a member in the base class 'BaseAgent'.
src/lib/drama-analyst/agents/characterVoice/CharacterVoiceAgent.ts(137,7): error TS2322: Type 'string' is not assignable to type 'string[]'.
src/lib/drama-analyst/agents/characterVoice/CharacterVoiceAgent.ts(416,41): error TS2345: Argument of type 'string[]' is not assignable to parameter of type 'string'.
src/lib/drama-analyst/agents/characterVoice/CharacterVoiceAgent.ts(417,18): error TS2345: Argument of type 'string[]' is not assignable to parameter of type 'string'.
src/lib/drama-analyst/agents/characterVoice/CharacterVoiceAgent.ts(466,19): error TS4114: This member must have an 'override' modifier because it overrides a member in the base class 'BaseAgent'.
src/lib/drama-analyst/agents/completion/agent.ts(2,10): error TS2305: Module '"@core/types"' has no exported member 'AIAgentConfig'.
src/lib/drama-analyst/agents/completion/agent.ts(9,26): error TS2339: Property 'CORE' does not exist on type 'typeof TaskCategory'.
src/lib/drama-analyst/agents/completion/CompletionAgent.ts(35,35): error TS2339: Property 'originalText' does not exist on type 'string'.
src/lib/drama-analyst/agents/completion/CompletionAgent.ts(36,42): error TS2339: Property 'previousCompletions' does not exist on type 'string'.
src/lib/drama-analyst/agents/completion/CompletionAgent.ts(37,38): error TS2339: Property 'completionScope' does not exist on type 'string'.
src/lib/drama-analyst/agents/completion/CompletionAgent.ts(38,35): error TS2339: Property 'enhancements' does not exist on type 'string'.
src/lib/drama-analyst/agents/completion/CompletionAgent.ts(87,19): error TS4114: This member must have an 'override' modifier because it overrides a member in the base class 'BaseAgent'.
src/lib/drama-analyst/agents/completion/CompletionAgent.ts(106,7): error TS2322: Type 'string' is not assignable to type 'string[]'.
src/lib/drama-analyst/agents/completion/CompletionAgent.ts(109,9): error TS2353: Object literal may only specify known properties, and 'completionQuality' does not exist in type '{ ragUsed?: boolean; critiqueIterations?: number; constitutionalViolations?: number; uncertaintyScore?: number; hallucinationDetected?: boolean; debateRounds?: number; }'.
src/lib/drama-analyst/agents/completion/CompletionAgent.ts(234,18): error TS2345: Argument of type 'string[]' is not assignable to parameter of type 'string'.
src/lib/drama-analyst/agents/completion/CompletionAgent.ts(271,19): error TS4114: This member must have an 'override' modifier because it overrides a member in the base class 'BaseAgent'.
src/lib/drama-analyst/agents/completion/CompletionAgent.ts(274,41): error TS2339: Property 'originalText' does not exist on type 'string'.
src/lib/drama-analyst/agents/completion/CompletionAgent.ts(275,34): error TS2339: Property 'completionScope' does not exist on type 'string'.
src/lib/drama-analyst/agents/conflictDynamics/agent.ts(2,10): error TS2305: Module '"@core/types"' has no exported member 'AIAgentConfig'.
src/lib/drama-analyst/agents/conflictDynamics/ConflictDynamicsAgent.ts(135,19): error TS4114: This member must have an 'override' modifier because it overrides a member in the base class 'BaseAgent'.
src/lib/drama-analyst/agents/conflictDynamics/ConflictDynamicsAgent.ts(158,7): error TS2322: Type 'string' is not assignable to type 'string[]'.
src/lib/drama-analyst/agents/conflictDynamics/ConflictDynamicsAgent.ts(359,34): error TS2345: Argument of type 'string[]' is not assignable to parameter of type 'string'.
src/lib/drama-analyst/agents/conflictDynamics/ConflictDynamicsAgent.ts(377,19): error TS4114: This member must have an 'override' modifier because it overrides a member in the base class 'BaseAgent'.
src/lib/drama-analyst/agents/creative/agent.ts(2,10): error TS2305: Module '"@core/types"' has no exported member 'AIAgentConfig'.
src/lib/drama-analyst/agents/creative/agent.ts(9,26): error TS2339: Property 'CORE' does not exist on type 'typeof TaskCategory'.
src/lib/drama-analyst/agents/creative/CreativeAgent.ts(20,16): error TS2339: Property 'CREATIVE_DEVELOPMENT' does not exist on type 'typeof TaskType'.
src/lib/drama-analyst/agents/creative/CreativeAgent.ts(35,35): error TS2339: Property 'originalText' does not exist on type 'string'.
src/lib/drama-analyst/agents/creative/CreativeAgent.ts(36,39): error TS2339: Property 'developmentFocus' does not exist on type 'string'.
src/lib/drama-analyst/agents/creative/CreativeAgent.ts(37,42): error TS2339: Property 'constraints' does not exist on type 'string'.
src/lib/drama-analyst/agents/creative/CreativeAgent.ts(38,37): error TS2339: Property 'targetAudience' does not exist on type 'string'.
src/lib/drama-analyst/agents/creative/CreativeAgent.ts(39,36): error TS2339: Property 'goals' does not exist on type 'string'.
src/lib/drama-analyst/agents/creative/CreativeAgent.ts(92,19): error TS4114: This member must have an 'override' modifier because it overrides a member in the base class 'BaseAgent'.
src/lib/drama-analyst/agents/creative/CreativeAgent.ts(119,7): error TS2322: Type 'string' is not assignable to type 'string[]'.
src/lib/drama-analyst/agents/creative/CreativeAgent.ts(122,9): error TS2353: Object literal may only specify known properties, and 'creativityScore' does not exist in type '{ ragUsed?: boolean; critiqueIterations?: number; constitutionalViolations?: number; uncertaintyScore?: number; hallucinationDetected?: boolean; debateRounds?: number; }'.
src/lib/drama-analyst/agents/creative/CreativeAgent.ts(207,9): error TS2322: Type 'string | undefined' is not assignable to type 'string'.
  Type 'undefined' is not assignable to type 'string'.
src/lib/drama-analyst/agents/creative/CreativeAgent.ts(339,41): error TS2345: Argument of type 'string[]' is not assignable to parameter of type 'string'.
src/lib/drama-analyst/agents/creative/CreativeAgent.ts(340,18): error TS2345: Argument of type 'string[]' is not assignable to parameter of type 'string'.
src/lib/drama-analyst/agents/creative/CreativeAgent.ts(366,19): error TS4114: This member must have an 'override' modifier because it overrides a member in the base class 'BaseAgent'.
src/lib/drama-analyst/agents/creative/CreativeAgent.ts(369,34): error TS2339: Property 'developmentFocus' does not exist on type 'string'.
src/lib/drama-analyst/agents/culturalHistoricalAnalyzer/agent.ts(2,10): error TS2305: Module '"@core/types"' has no exported member 'AIAgentConfig'.
src/lib/drama-analyst/agents/culturalHistoricalAnalyzer/agent.ts(9,26): error TS2339: Property 'ADVANCED_MODULES' does not exist on type 'typeof TaskCategory'.
src/lib/drama-analyst/agents/dialogueAdvancedAnalyzer/agent.ts(2,10): error TS2305: Module '"@core/types"' has no exported member 'AIAgentConfig'.
src/lib/drama-analyst/agents/dialogueAdvancedAnalyzer/agent.ts(9,26): error TS2339: Property 'ADVANCED_MODULES' does not exist on type 'typeof TaskCategory'.
src/lib/drama-analyst/agents/dialogueForensics/agent.ts(2,10): error TS2305: Module '"@core/types"' has no exported member 'AIAgentConfig'.
src/lib/drama-analyst/agents/dialogueForensics/DialogueForensicsAgent.ts(151,19): error TS4114: This member must have an 'override' modifier because it overrides a member in the base class 'BaseAgent'.
src/lib/drama-analyst/agents/dialogueForensics/DialogueForensicsAgent.ts(173,7): error TS2322: Type 'string' is not assignable to type 'string[]'.
src/lib/drama-analyst/agents/dialogueForensics/DialogueForensicsAgent.ts(345,34): error TS2345: Argument of type 'string[]' is not assignable to parameter of type 'string'.
src/lib/drama-analyst/agents/dialogueForensics/DialogueForensicsAgent.ts(363,19): error TS4114: This member must have an 'override' modifier because it overrides a member in the base class 'BaseAgent'.
src/lib/drama-analyst/agents/index.ts(1,10): error TS2305: Module '"@core/types"' has no exported member 'AIAgentConfig'.
src/lib/drama-analyst/agents/index.ts(14,7): error TS2739: Type '{ [x: number]: { path: string; configName: string; }; analysis: { path: string; configName: string; }; creative: { path: string; configName: string; }; integrated: { path: string; configName: string; }; completion: { ...; }; ... 20 more ...; recommendations_generator: { ...; }; }' is missing the following properties from type 'Record<TaskType, AgentConfigMapping>': character, scene, script, general
src/lib/drama-analyst/agents/index.ts(79,13): error TS2339: Property 'AUDIENCE_RESONANCE' does not exist on type 'typeof TaskType'.
src/lib/drama-analyst/agents/index.ts(83,13): error TS2339: Property 'PLATFORM_ADAPTER' does not exist on type 'typeof TaskType'.
src/lib/drama-analyst/agents/integrated/agent.ts(2,10): error TS2305: Module '"@core/types"' has no exported member 'AIAgentConfig'.
src/lib/drama-analyst/agents/integrated/agent.ts(9,26): error TS2339: Property 'CORE' does not exist on type 'typeof TaskCategory'.
src/lib/drama-analyst/agents/literaryQualityAnalyzer/agent.ts(2,10): error TS2305: Module '"@core/types"' has no exported member 'AIAgentConfig'.
src/lib/drama-analyst/agents/literaryQualityAnalyzer/agent.ts(9,26): error TS2339: Property 'ADVANCED_MODULES' does not exist on type 'typeof TaskCategory'.
src/lib/drama-analyst/agents/platformAdapter/agent.ts(2,10): error TS2305: Module '"@core/types"' has no exported member 'AIAgentConfig'.
src/lib/drama-analyst/agents/platformAdapter/agent.ts(5,16): error TS2339: Property 'PLATFORM_ADAPTER' does not exist on type 'typeof TaskType'.
src/lib/drama-analyst/agents/platformAdapter/agent.ts(9,26): error TS2339: Property 'PREDICTIVE' does not exist on type 'typeof TaskCategory'.
src/lib/drama-analyst/agents/plotPredictor/agent.ts(2,10): error TS2305: Module '"@core/types"' has no exported member 'AIAgentConfig'.
src/lib/drama-analyst/agents/plotPredictor/agent.ts(9,26): error TS2339: Property 'PREDICTIVE' does not exist on type 'typeof TaskCategory'.
src/lib/drama-analyst/agents/plotPredictor/causalGraphBuilder.ts(95,59): error TS2345: Argument of type 'string | undefined' is not assignable to parameter of type 'string'.
  Type 'undefined' is not assignable to type 'string'.
src/lib/drama-analyst/agents/plotPredictor/causalGraphBuilder.ts(99,9): error TS2322: Type 'string | undefined' is not assignable to type 'string'.
  Type 'undefined' is not assignable to type 'string'.
src/lib/drama-analyst/agents/plotPredictor/causalGraphBuilder.ts(155,11): error TS2532: Object is possibly 'undefined'.
src/lib/drama-analyst/agents/plotPredictor/causalGraphBuilder.ts(156,11): error TS2532: Object is possibly 'undefined'.
src/lib/drama-analyst/agents/plotPredictor/causalGraphBuilder.ts(162,19): error TS2532: Object is possibly 'undefined'.
src/lib/drama-analyst/agents/plotPredictor/causalGraphBuilder.ts(163,17): error TS2532: Object is possibly 'undefined'.
src/lib/drama-analyst/agents/plotPredictor/PlotPredictorAgent.ts(46,18): error TS2339: Property 'previousStations' does not exist on type 'string'.
src/lib/drama-analyst/agents/plotPredictor/PlotPredictorAgent.ts(49,19): error TS2339: Property 'previousStations' does not exist on type 'string'.
src/lib/drama-analyst/agents/plotPredictor/PlotPredictorAgent.ts(50,53): error TS2339: Property 'previousStations' does not exist on type 'string'.
src/lib/drama-analyst/agents/plotPredictor/PlotPredictorAgent.ts(53,19): error TS2339: Property 'previousStations' does not exist on type 'string'.
src/lib/drama-analyst/agents/plotPredictor/PlotPredictorAgent.ts(54,53): error TS2339: Property 'previousStations' does not exist on type 'string'.
src/lib/drama-analyst/agents/plotPredictor/PlotPredictorAgent.ts(57,19): error TS2339: Property 'previousStations' does not exist on type 'string'.
src/lib/drama-analyst/agents/plotPredictor/PlotPredictorAgent.ts(58,55): error TS2339: Property 'previousStations' does not exist on type 'string'.
src/lib/drama-analyst/agents/plotPredictor/PlotPredictorAgent.ts(88,19): error TS4114: This member must have an 'override' modifier because it overrides a member in the base class 'BaseAgent'.
src/lib/drama-analyst/agents/plotPredictor/PlotPredictorAgent.ts(107,7): error TS2322: Type 'string' is not assignable to type 'string[]'.
src/lib/drama-analyst/agents/plotPredictor/PlotPredictorAgent.ts(109,7): error TS2322: Type 'string' is not assignable to type 'string[]'.
src/lib/drama-analyst/agents/plotPredictor/PlotPredictorAgent.ts(111,7): error TS2322: Type 'string' is not assignable to type 'string[]'.
src/lib/drama-analyst/agents/plotPredictor/PlotPredictorAgent.ts(117,28): error TS2339: Property 'trim' does not exist on type 'string[]'.
src/lib/drama-analyst/agents/plotPredictor/PlotPredictorAgent.ts(124,19): error TS4114: This member must have an 'override' modifier because it overrides a member in the base class 'BaseAgent'.
src/lib/drama-analyst/agents/producibilityAnalyzer/agent.ts(2,10): error TS2305: Module '"@core/types"' has no exported member 'AIAgentConfig'.
src/lib/drama-analyst/agents/producibilityAnalyzer/agent.ts(9,26): error TS2339: Property 'ADVANCED_MODULES' does not exist on type 'typeof TaskCategory'.
src/lib/drama-analyst/agents/recommendationsGenerator/agent.ts(2,10): error TS2305: Module '"@core/types"' has no exported member 'AIAgentConfig'.
src/lib/drama-analyst/agents/recommendationsGenerator/agent.ts(9,26): error TS2339: Property 'ADVANCED_MODULES' does not exist on type 'typeof TaskCategory'.
src/lib/drama-analyst/agents/rhythmMapping/agent.ts(2,10): error TS2305: Module '"@core/types"' has no exported member 'AIAgentConfig'.
src/lib/drama-analyst/agents/rhythmMapping/RhythmMappingAgent.ts(180,19): error TS4114: This member must have an 'override' modifier because it overrides a member in the base class 'BaseAgent'.
src/lib/drama-analyst/agents/rhythmMapping/RhythmMappingAgent.ts(204,7): error TS2322: Type 'string' is not assignable to type 'string[]'.
src/lib/drama-analyst/agents/rhythmMapping/RhythmMappingAgent.ts(379,34): error TS2345: Argument of type 'string[]' is not assignable to parameter of type 'string'.
src/lib/drama-analyst/agents/rhythmMapping/RhythmMappingAgent.ts(397,19): error TS4114: This member must have an 'override' modifier because it overrides a member in the base class 'BaseAgent'.
src/lib/drama-analyst/agents/sceneGenerator/agent.ts(2,10): error TS2305: Module '"@core/types"' has no exported member 'AIAgentConfig'.
src/lib/drama-analyst/agents/sceneGenerator/SceneGeneratorAgent.ts(34,35): error TS2339: Property 'originalText' does not exist on type 'string'.
src/lib/drama-analyst/agents/sceneGenerator/SceneGeneratorAgent.ts(35,32): error TS2339: Property 'sceneType' does not exist on type 'string'.
src/lib/drama-analyst/agents/sceneGenerator/SceneGeneratorAgent.ts(36,33): error TS2339: Property 'characters' does not exist on type 'string'.
src/lib/drama-analyst/agents/sceneGenerator/SceneGeneratorAgent.ts(37,30): error TS2339: Property 'setting' does not exist on type 'string'.
src/lib/drama-analyst/agents/sceneGenerator/SceneGeneratorAgent.ts(38,36): error TS2339: Property 'emotionalTone' does not exist on type 'string'.
src/lib/drama-analyst/agents/sceneGenerator/SceneGeneratorAgent.ts(39,36): error TS2339: Property 'conflictLevel' does not exist on type 'string'.
src/lib/drama-analyst/agents/sceneGenerator/SceneGeneratorAgent.ts(40,38): error TS2339: Property 'objectives' does not exist on type 'string'.
src/lib/drama-analyst/agents/sceneGenerator/SceneGeneratorAgent.ts(41,37): error TS2339: Property 'previousScenes' does not exist on type 'string'.
src/lib/drama-analyst/agents/sceneGenerator/SceneGeneratorAgent.ts(110,19): error TS4114: This member must have an 'override' modifier because it overrides a member in the base class 'BaseAgent'.
src/lib/drama-analyst/agents/sceneGenerator/SceneGeneratorAgent.ts(136,7): error TS2322: Type 'string' is not assignable to type 'string[]'.
src/lib/drama-analyst/agents/sceneGenerator/SceneGeneratorAgent.ts(145,9): error TS2353: Object literal may only specify known properties, and 'sceneQuality' does not exist in type '{ ragUsed?: boolean; critiqueIterations?: number; constitutionalViolations?: number; uncertaintyScore?: number; hallucinationDetected?: boolean; debateRounds?: number; }'.
src/lib/drama-analyst/agents/sceneGenerator/SceneGeneratorAgent.ts(478,22): error TS2532: Object is possibly 'undefined'.
src/lib/drama-analyst/agents/sceneGenerator/SceneGeneratorAgent.ts(537,18): error TS2345: Argument of type 'string[]' is not assignable to parameter of type 'string'.
src/lib/drama-analyst/agents/sceneGenerator/SceneGeneratorAgent.ts(587,19): error TS4114: This member must have an 'override' modifier because it overrides a member in the base class 'BaseAgent'.
src/lib/drama-analyst/agents/sceneGenerator/SceneGeneratorAgent.ts(590,38): error TS2339: Property 'sceneType' does not exist on type 'string'.
src/lib/drama-analyst/agents/shared/BaseAgent.ts(47,9): error TS2353: Object literal may only specify known properties, and 'maxDebateRounds' does not exist in type 'StandardAgentOptions'.
src/lib/drama-analyst/agents/shared/BaseAgent.ts(47,41): error TS2339: Property 'maxDebateRounds' does not exist on type 'StandardAgentOptions'.
src/lib/drama-analyst/agents/shared/BaseAgent.ts(51,35): error TS2339: Property 'maxTokens' does not exist on type 'StandardAgentOptions'.
src/lib/drama-analyst/agents/shared/BaseAgent.ts(55,28): error TS2554: Expected 3-4 arguments, but got 1.
src/lib/drama-analyst/agents/shared/BaseAgent.ts(59,11): error TS2698: Spread types may only be created from object types.
src/lib/drama-analyst/agents/shared/BaseAgent.ts(83,9): error TS2322: Type 'string' is not assignable to type 'string[]'.
src/lib/drama-analyst/agents/shared/BaseAgent.ts(85,11): error TS2353: Object literal may only specify known properties, and 'processingTime' does not exist in type '{ ragUsed?: boolean; critiqueIterations?: number; constitutionalViolations?: number; uncertaintyScore?: number; hallucinationDetected?: boolean; debateRounds?: number; }'.
src/lib/drama-analyst/agents/shared/BaseAgent.ts(120,76): error TS2554: Expected 1 arguments, but got 2.
src/lib/drama-analyst/agents/shared/standardAgentPattern.ts(14,10): error TS2614: Module '"@/lib/ai/gemini-core"' has no exported member 'callGeminiText'. Did you mean to use 'import callGeminiText from "@/lib/ai/gemini-core"' instead?
src/lib/drama-analyst/agents/shared/standardAgentPattern.ts(14,34): error TS2614: Module '"@/lib/ai/gemini-core"' has no exported member 'safeSub'. Did you mean to use 'import safeSub from "@/lib/ai/gemini-core"' instead?
src/lib/drama-analyst/agents/shared/standardAgentPattern.ts(15,15): error TS2614: Module '"@/lib/ai/gemini-core"' has no exported member 'ModelId'. Did you mean to use 'import ModelId from "@/lib/ai/gemini-core"' instead?
src/lib/drama-analyst/agents/shared/standardAgentPattern.ts(142,26): error TS18048: 'b.score' is possibly 'undefined'.
src/lib/drama-analyst/agents/shared/standardAgentPattern.ts(142,36): error TS18048: 'a.score' is possibly 'undefined'.
src/lib/drama-analyst/agents/shared/standardAgentPattern.ts(149,5): error TS2322: Type '(number | undefined)[]' is not assignable to type 'number[]'.
  Type 'number | undefined' is not assignable to type 'number'.
    Type 'undefined' is not assignable to type 'number'.
src/lib/drama-analyst/agents/shared/standardAgentPattern.ts(428,11): error TS7006: Parameter 'line' implicitly has an 'any' type.
src/lib/drama-analyst/agents/shared/standardAgentPattern.ts(429,14): error TS7006: Parameter 'line' implicitly has an 'any' type.
src/lib/drama-analyst/agents/shared/standardAgentPattern.ts(434,23): error TS7006: Parameter 'claim' implicitly has an 'any' type.
src/lib/drama-analyst/agents/shared/standardAgentPattern.ts(458,51): error TS7006: Parameter 'c' implicitly has an 'any' type.
src/lib/drama-analyst/agents/shared/standardAgentPattern.ts(469,26): error TS7006: Parameter 'c' implicitly has an 'any' type.
src/lib/drama-analyst/agents/shared/standardAgentPattern.ts(655,9): error TS18048: 'output.metadata.critiqueIterations' is possibly 'undefined'.
src/lib/drama-analyst/agents/shared/standardAgentPattern.ts(658,9): error TS18048: 'output.metadata.constitutionalViolations' is possibly 'undefined'.
src/lib/drama-analyst/agents/styleFingerprint/agent.ts(2,10): error TS2305: Module '"@core/types"' has no exported member 'AIAgentConfig'.
src/lib/drama-analyst/agents/styleFingerprint/StyleFingerprintAgent.ts(109,19): error TS4114: This member must have an 'override' modifier because it overrides a member in the base class 'BaseAgent'.
src/lib/drama-analyst/agents/styleFingerprint/StyleFingerprintAgent.ts(131,7): error TS2322: Type 'string' is not assignable to type 'string[]'.
src/lib/drama-analyst/agents/styleFingerprint/StyleFingerprintAgent.ts(316,34): error TS2345: Argument of type 'string[]' is not assignable to parameter of type 'string'.
src/lib/drama-analyst/agents/styleFingerprint/StyleFingerprintAgent.ts(341,19): error TS4114: This member must have an 'override' modifier because it overrides a member in the base class 'BaseAgent'.
src/lib/drama-analyst/agents/targetAudienceAnalyzer/agent.ts(2,10): error TS2305: Module '"@core/types"' has no exported member 'AIAgentConfig'.
src/lib/drama-analyst/agents/targetAudienceAnalyzer/agent.ts(9,26): error TS2339: Property 'ADVANCED_MODULES' does not exist on type 'typeof TaskCategory'.
src/lib/drama-analyst/agents/targetAudienceAnalyzer/agent.ts(32,14): error TS2339: Property 'AUDIENCE_RESONANCE' does not exist on type 'typeof TaskType'.
src/lib/drama-analyst/agents/targetAudienceAnalyzer/agent.ts(36,23): error TS2339: Property 'AUDIENCE_RESONANCE' does not exist on type 'typeof TaskType'.
src/lib/drama-analyst/agents/tensionOptimizer/agent.ts(2,10): error TS2305: Module '"@core/types"' has no exported member 'AIAgentConfig'.
src/lib/drama-analyst/agents/tensionOptimizer/agent.ts(9,26): error TS2339: Property 'PREDICTIVE' does not exist on type 'typeof TaskCategory'.
src/lib/drama-analyst/agents/tensionOptimizer/agent.ts(31,56): error TS2339: Property 'AUDIENCE_RESONANCE' does not exist on type 'typeof TaskType'.
src/lib/drama-analyst/agents/tensionOptimizer/TensionOptimizerAgent.ts(91,19): error TS4114: This member must have an 'override' modifier because it overrides a member in the base class 'BaseAgent'.
src/lib/drama-analyst/agents/tensionOptimizer/TensionOptimizerAgent.ts(114,7): error TS2322: Type 'string' is not assignable to type 'string[]'.
src/lib/drama-analyst/agents/tensionOptimizer/TensionOptimizerAgent.ts(326,34): error TS2345: Argument of type 'string[]' is not assignable to parameter of type 'string'.
src/lib/drama-analyst/agents/tensionOptimizer/TensionOptimizerAgent.ts(366,19): error TS4114: This member must have an 'override' modifier because it overrides a member in the base class 'BaseAgent'.
src/lib/drama-analyst/agents/thematicMining/agent.ts(2,10): error TS2305: Module '"@core/types"' has no exported member 'AIAgentConfig'.
src/lib/drama-analyst/agents/thematicMining/ThematicMiningAgent.ts(98,19): error TS4114: This member must have an 'override' modifier because it overrides a member in the base class 'BaseAgent'.
src/lib/drama-analyst/agents/thematicMining/ThematicMiningAgent.ts(120,7): error TS2322: Type 'string' is not assignable to type 'string[]'.
src/lib/drama-analyst/agents/thematicMining/ThematicMiningAgent.ts(303,34): error TS2345: Argument of type 'string[]' is not assignable to parameter of type 'string'.
src/lib/drama-analyst/agents/thematicMining/ThematicMiningAgent.ts(330,19): error TS4114: This member must have an 'override' modifier because it overrides a member in the base class 'BaseAgent'.
src/lib/drama-analyst/agents/themesMessagesAnalyzer/agent.ts(2,10): error TS2305: Module '"@core/types"' has no exported member 'AIAgentConfig'.
src/lib/drama-analyst/agents/themesMessagesAnalyzer/agent.ts(9,26): error TS2339: Property 'ADVANCED_MODULES' does not exist on type 'typeof TaskCategory'.
src/lib/drama-analyst/agents/upgradedAgents.ts(46,66): error TS2769: No overload matches this call.
  Overload 1 of 4, '(iterable?: Iterable<readonly [any, CompletionAgent]> | null | undefined): Map<any, CompletionAgent>', gave the following error.
    Argument of type '([any, CreativeAgent] | [TaskType, CompletionAgent] | [TaskType, CharacterVoiceAgent] | [TaskType, SceneGeneratorAgent] | ... 9 more ... | [...])[]' is not assignable to parameter of type 'Iterable<readonly [any, CompletionAgent]>'.
      The types returned by '[Symbol.iterator]().next(...)' are incompatible between these types.
        Type 'IteratorResult<[any, CreativeAgent] | [TaskType, CompletionAgent] | [TaskType, CharacterVoiceAgent] | [...] | ... 9 more ... | [...], undefined>' is not assignable to type 'IteratorResult<readonly [any, CompletionAgent], any>' with 'exactOptionalPropertyTypes: true'. Consider adding 'undefined' to the types of the target's properties.
          Type 'IteratorYieldResult<[any, CreativeAgent] | [TaskType, CompletionAgent] | [TaskType, CharacterVoiceAgent] | [...] | ... 9 more ... | [...]>' is not assignable to type 'IteratorResult<readonly [any, CompletionAgent], any>' with 'exactOptionalPropertyTypes: true'. Consider adding 'undefined' to the types of the target's properties.
            Type 'IteratorYieldResult<[any, CreativeAgent] | [TaskType, CompletionAgent] | [TaskType, CharacterVoiceAgent] | [...] | ... 9 more ... | [...]>' is not assignable to type 'IteratorYieldResult<readonly [any, CompletionAgent]>' with 'exactOptionalPropertyTypes: true'. Consider adding 'undefined' to the types of the target's properties.
              Type '[any, CreativeAgent] | [TaskType, CompletionAgent] | [TaskType, CharacterVoiceAgent] | [TaskType, SceneGeneratorAgent] | ... 9 more ... | [...]' is not assignable to type 'readonly [any, CompletionAgent]'.
                Type '[any, CreativeAgent]' is not assignable to type 'readonly [any, CompletionAgent]'.
                  Type at position 1 in source is not compatible with type at position 1 in target.
                    Type 'CreativeAgent' is missing the following properties from type 'CompletionAgent': cleanupText, assessCompletionQuality, checkCharacterConsistency, checkNarrativeFlow, and 3 more.
src/lib/drama-analyst/agents/upgradedAgents.ts(48,13): error TS2339: Property 'CREATIVE_DEVELOPMENT' does not exist on type 'typeof TaskType'.
src/lib/drama-analyst/agents/upgradedAgents.ts(86,7): error TS2322: Type 'string' is not assignable to type 'string[]'.
src/lib/drama-analyst/agents/upgradedAgents.ts(88,9): error TS2353: Object literal may only specify known properties, and 'processingTime' does not exist in type '{ ragUsed?: boolean; critiqueIterations?: number; constitutionalViolations?: number; uncertaintyScore?: number; hallucinationDetected?: boolean; debateRounds?: number; }'.
src/lib/drama-analyst/agents/upgradedAgents.ts(105,7): error TS2322: Type 'string' is not assignable to type 'string[]'.
src/lib/drama-analyst/agents/upgradedAgents.ts(107,9): error TS2353: Object literal may only specify known properties, and 'processingTime' does not exist in type '{ ragUsed?: boolean; critiqueIterations?: number; constitutionalViolations?: number; uncertaintyScore?: number; hallucinationDetected?: boolean; debateRounds?: number; }'.
src/lib/drama-analyst/agents/upgradedAgents.ts(146,12): error TS2339: Property 'AUDIENCE_RESONANCE' does not exist on type 'typeof TaskType'.
src/lib/drama-analyst/agents/upgradedAgents.ts(147,12): error TS2339: Property 'PLATFORM_ADAPTER' does not exist on type 'typeof TaskType'.
src/lib/drama-analyst/agents/upgradedAgents.ts(169,3): error TS2322: Type '(StandardAgentOutput | { text: string; confidence: number; notes: any; metadata: { processingTime: number; tokensUsed: number; modelUsed: string; timestamp: string; error: boolean; }; })[]' is not assignable to type 'StandardAgentOutput[]'.
  Type 'StandardAgentOutput | { text: string; confidence: number; notes: any; metadata: { processingTime: number; tokensUsed: number; modelUsed: string; timestamp: string; error: boolean; }; }' is not assignable to type 'StandardAgentOutput' with 'exactOptionalPropertyTypes: true'. Consider adding 'undefined' to the types of the target's properties.
    Type '{ text: string; confidence: number; notes: any; metadata: { processingTime: number; tokensUsed: number; modelUsed: string; timestamp: string; error: boolean; }; }' is not assignable to type 'StandardAgentOutput'.
      Types of property 'metadata' are incompatible.
        Type '{ processingTime: number; tokensUsed: number; modelUsed: string; timestamp: string; error: boolean; }' has no properties in common with type '{ ragUsed?: boolean; critiqueIterations?: number; constitutionalViolations?: number; uncertaintyScore?: number; hallucinationDetected?: boolean; debateRounds?: number; }'.
src/lib/drama-analyst/agents/upgradedAgents.ts(173,15): error TS2339: Property 'taskType' does not exist on type '{ taskType: TaskType; input: StandardAgentInput; } | undefined'.
src/lib/drama-analyst/agents/visualCinematicAnalyzer/agent.ts(2,10): error TS2305: Module '"@core/types"' has no exported member 'AIAgentConfig'.
src/lib/drama-analyst/agents/visualCinematicAnalyzer/agent.ts(9,26): error TS2339: Property 'ADVANCED_MODULES' does not exist on type 'typeof TaskCategory'.
src/lib/drama-analyst/agents/worldBuilder/agent.ts(2,10): error TS2305: Module '"@core/types"' has no exported member 'AIAgentConfig'.
src/lib/drama-analyst/agents/worldBuilder/WorldBuilderAgent.ts(51,18): error TS2339: Property 'previousStations' does not exist on type 'string'.
src/lib/drama-analyst/agents/worldBuilder/WorldBuilderAgent.ts(54,19): error TS2339: Property 'previousStations' does not exist on type 'string'.
src/lib/drama-analyst/agents/worldBuilder/WorldBuilderAgent.ts(55,53): error TS2339: Property 'previousStations' does not exist on type 'string'.
src/lib/drama-analyst/agents/worldBuilder/WorldBuilderAgent.ts(58,19): error TS2339: Property 'previousStations' does not exist on type 'string'.
src/lib/drama-analyst/agents/worldBuilder/WorldBuilderAgent.ts(59,55): error TS2339: Property 'previousStations' does not exist on type 'string'.
src/lib/drama-analyst/agents/worldBuilder/WorldBuilderAgent.ts(62,19): error TS2339: Property 'previousStations' does not exist on type 'string'.
src/lib/drama-analyst/agents/worldBuilder/WorldBuilderAgent.ts(63,53): error TS2339: Property 'previousStations' does not exist on type 'string'.
src/lib/drama-analyst/agents/worldBuilder/WorldBuilderAgent.ts(66,19): error TS2339: Property 'previousStations' does not exist on type 'string'.
src/lib/drama-analyst/agents/worldBuilder/WorldBuilderAgent.ts(67,53): error TS2339: Property 'previousStations' does not exist on type 'string'.
src/lib/drama-analyst/agents/worldBuilder/WorldBuilderAgent.ts(143,19): error TS4114: This member must have an 'override' modifier because it overrides a member in the base class 'BaseAgent'.
src/lib/drama-analyst/agents/worldBuilder/WorldBuilderAgent.ts(165,7): error TS2322: Type 'string' is not assignable to type 'string[]'.
src/lib/drama-analyst/agents/worldBuilder/WorldBuilderAgent.ts(167,7): error TS2322: Type 'string' is not assignable to type 'string[]'.
src/lib/drama-analyst/agents/worldBuilder/WorldBuilderAgent.ts(169,7): error TS2322: Type 'string' is not assignable to type 'string[]'.
src/lib/drama-analyst/agents/worldBuilder/WorldBuilderAgent.ts(184,28): error TS2339: Property 'trim' does not exist on type 'string[]'.
src/lib/drama-analyst/agents/worldBuilder/WorldBuilderAgent.ts(187,9): error TS2353: Object literal may only specify known properties, and 'worldQuality' does not exist in type '{ ragUsed?: boolean; critiqueIterations?: number; constitutionalViolations?: number; uncertaintyScore?: number; hallucinationDetected?: boolean; debateRounds?: number; }'.
src/lib/drama-analyst/agents/worldBuilder/WorldBuilderAgent.ts(294,19): error TS4114: This member must have an 'override' modifier because it overrides a member in the base class 'BaseAgent'.
src/lib/drama-analyst/orchestration/agentFactory.ts(3,10): error TS2305: Module '"@core/types"' has no exported member 'AIAgentConfig'.
src/lib/drama-analyst/orchestration/agentFactory.ts(6,22): error TS7006: Parameter 'config' implicitly has an 'any' type.
src/lib/drama-analyst/orchestration/multiAgentDebate.ts(194,30): error TS2532: Object is possibly 'undefined'.
src/lib/drama-analyst/orchestration/multiAgentDebate.ts(195,30): error TS2532: Object is possibly 'undefined'.
src/lib/drama-analyst/orchestration/orchestration.ts(3,10): error TS2305: Module '"@core/types"' has no exported member 'AIAgentCapabilities'.
src/lib/drama-analyst/orchestration/orchestration.ts(3,31): error TS2305: Module '"@core/types"' has no exported member 'AIAgentConfig'.
src/lib/drama-analyst/orchestration/orchestration.ts(42,28): error TS7006: Parameter 'config' implicitly has an 'any' type.
src/lib/drama-analyst/orchestration/orchestration.ts(55,40): error TS7006: Parameter 'collaboratorId' implicitly has an 'any' type.
src/lib/drama-analyst/orchestration/orchestration.ts(60,33): error TS7006: Parameter 'dependencyId' implicitly has an 'any' type.
src/lib/drama-analyst/orchestration/orchestration.ts(65,32): error TS7006: Parameter 'enhancedId' implicitly has an 'any' type.
src/lib/drama-analyst/orchestration/orchestration.ts(131,35): error TS7006: Parameter 'dep' implicitly has an 'any' type.
src/lib/drama-analyst/services/analyticsService.ts(33,5): error TS2687: All declarations of 'gtag' must have identical modifiers.
src/lib/drama-analyst/services/analyticsService.ts(33,5): error TS2717: Subsequent property declarations must have the same type.  Property 'gtag' must be of type '((...args: unknown[]) => void) | undefined', but here has type '(...args: any[]) => void'.
src/lib/drama-analyst/services/analyticsService.ts(34,5): error TS2687: All declarations of 'dataLayer' must have identical modifiers.
src/lib/drama-analyst/services/analyticsService.ts(34,5): error TS2717: Subsequent property declarations must have the same type.  Property 'dataLayer' must be of type 'unknown[] | undefined', but here has type 'any[]'.
src/lib/drama-analyst/services/analyticsService.ts(98,7): error TS18048: 'window.dataLayer' is possibly 'undefined'.
src/lib/drama-analyst/services/analyticsService.ts(116,7): error TS2722: Cannot invoke an object which is possibly 'undefined'.
src/lib/drama-analyst/services/analyticsService.ts(313,5): error TS2722: Cannot invoke an object which is possibly 'undefined'.
src/lib/drama-analyst/services/analyticsService.ts(325,7): error TS2722: Cannot invoke an object which is possibly 'undefined'.
src/lib/drama-analyst/services/analyticsService.ts(337,7): error TS2722: Cannot invoke an object which is possibly 'undefined'.
src/lib/drama-analyst/services/analyticsService.ts(476,5): error TS2722: Cannot invoke an object which is possibly 'undefined'.
src/lib/drama-analyst/services/analyticsService.ts(486,5): error TS2722: Cannot invoke an object which is possibly 'undefined'.
src/lib/drama-analyst/services/backendService.ts(1,33): error TS2305: Module '"@core/types"' has no exported member 'Result'.
src/lib/drama-analyst/services/uncertaintyService.ts(91,53): error TS2345: Argument of type 'string | undefined' is not assignable to parameter of type 'string'.
  Type 'undefined' is not assignable to type 'string'.
src/lib/drama-analyst/services/webVitalsService.ts(392,42): error TS2774: This condition will always return true since this function is always defined. Did you mean to call it instead?
src/lib/drama-analyst/services/webVitalsService.ts(406,42): error TS2774: This condition will always return true since this function is always defined. Did you mean to call it instead?
src/lib/redis.ts(36,7): error TS2783: 'host' is specified more than once, so this usage will be overwritten.
src/lib/redis.ts(37,7): error TS2783: 'port' is specified more than once, so this usage will be overwritten.
src/lib/redis.ts(111,14): error TS2375: Type '{ host: string; port: number; password: string | undefined; db: number; keyPrefix: string; maxRetriesPerRequest: number; enableReadyCheck: true; }' is not assignable to type 'RedisConfig' with 'exactOptionalPropertyTypes: true'. Consider adding 'undefined' to the types of the target's properties.
  Types of property 'password' are incompatible.
    Type 'string | undefined' is not assignable to type 'string'.
      Type 'undefined' is not assignable to type 'string'.
src/lib/security/sanitize-html.ts(70,64): error TS2532: Object is possibly 'undefined'.
src/lib/stores/projectStore.ts(5,24): error TS2307: Cannot find module 'zustand' or its corresponding type declarations.
src/lib/stores/projectStore.ts(6,35): error TS2307: Cannot find module 'zustand/middleware' or its corresponding type declarations.
src/lib/stores/projectStore.ts(60,8): error TS7006: Parameter 'set' implicitly has an 'any' type.
src/lib/stores/projectStore.ts(60,13): error TS7006: Parameter 'get' implicitly has an 'any' type.
src/lib/stores/projectStore.ts(64,23): error TS7006: Parameter 'projects' implicitly has an 'any' type.
src/lib/stores/projectStore.ts(66,29): error TS7006: Parameter 'project' implicitly has an 'any' type.
src/lib/stores/projectStore.ts(68,22): error TS7006: Parameter 'project' implicitly has an 'any' type.
src/lib/stores/projectStore.ts(68,39): error TS7006: Parameter 'state' implicitly has an 'any' type.
src/lib/stores/projectStore.ts(72,25): error TS7006: Parameter 'id' implicitly has an 'any' type.
src/lib/stores/projectStore.ts(72,29): error TS7006: Parameter 'updates' implicitly has an 'any' type.
src/lib/stores/projectStore.ts(72,46): error TS7006: Parameter 'state' implicitly has an 'any' type.
src/lib/stores/projectStore.ts(73,41): error TS7006: Parameter 'project' implicitly has an 'any' type.
src/lib/stores/projectStore.ts(81,25): error TS7006: Parameter 'id' implicitly has an 'any' type.
src/lib/stores/projectStore.ts(81,37): error TS7006: Parameter 'state' implicitly has an 'any' type.
src/lib/stores/projectStore.ts(82,44): error TS7006: Parameter 'project' implicitly has an 'any' type.
src/lib/stores/projectStore.ts(87,21): error TS7006: Parameter 'scenes' implicitly has an 'any' type.
src/lib/stores/projectStore.ts(89,20): error TS7006: Parameter 'scene' implicitly has an 'any' type.
src/lib/stores/projectStore.ts(89,35): error TS7006: Parameter 'state' implicitly has an 'any' type.
src/lib/stores/projectStore.ts(93,23): error TS7006: Parameter 'id' implicitly has an 'any' type.
src/lib/stores/projectStore.ts(93,27): error TS7006: Parameter 'updates' implicitly has an 'any' type.
src/lib/stores/projectStore.ts(93,44): error TS7006: Parameter 'state' implicitly has an 'any' type.
src/lib/stores/projectStore.ts(94,37): error TS7006: Parameter 'scene' implicitly has an 'any' type.
src/lib/stores/projectStore.ts(99,23): error TS7006: Parameter 'id' implicitly has an 'any' type.
src/lib/stores/projectStore.ts(99,35): error TS7006: Parameter 'state' implicitly has an 'any' type.
src/lib/stores/projectStore.ts(100,40): error TS7006: Parameter 'scene' implicitly has an 'any' type.
src/lib/stores/projectStore.ts(104,25): error TS7006: Parameter 'characters' implicitly has an 'any' type.
src/lib/stores/projectStore.ts(106,24): error TS7006: Parameter 'character' implicitly has an 'any' type.
src/lib/stores/projectStore.ts(106,43): error TS7006: Parameter 'state' implicitly has an 'any' type.
src/lib/stores/projectStore.ts(110,27): error TS7006: Parameter 'id' implicitly has an 'any' type.
src/lib/stores/projectStore.ts(110,31): error TS7006: Parameter 'updates' implicitly has an 'any' type.
src/lib/stores/projectStore.ts(110,48): error TS7006: Parameter 'state' implicitly has an 'any' type.
src/lib/stores/projectStore.ts(111,45): error TS7006: Parameter 'character' implicitly has an 'any' type.
src/lib/stores/projectStore.ts(116,27): error TS7006: Parameter 'id' implicitly has an 'any' type.
src/lib/stores/projectStore.ts(116,39): error TS7006: Parameter 'state' implicitly has an 'any' type.
src/lib/stores/projectStore.ts(117,48): error TS7006: Parameter 'character' implicitly has an 'any' type.
src/lib/stores/projectStore.ts(121,20): error TS7006: Parameter 'shots' implicitly has an 'any' type.
src/lib/stores/projectStore.ts(123,19): error TS7006: Parameter 'shot' implicitly has an 'any' type.
src/lib/stores/projectStore.ts(123,33): error TS7006: Parameter 'state' implicitly has an 'any' type.
src/lib/stores/projectStore.ts(127,22): error TS7006: Parameter 'id' implicitly has an 'any' type.
src/lib/stores/projectStore.ts(127,26): error TS7006: Parameter 'updates' implicitly has an 'any' type.
src/lib/stores/projectStore.ts(127,43): error TS7006: Parameter 'state' implicitly has an 'any' type.
src/lib/stores/projectStore.ts(128,35): error TS7006: Parameter 'shot' implicitly has an 'any' type.
src/lib/stores/projectStore.ts(133,22): error TS7006: Parameter 'id' implicitly has an 'any' type.
src/lib/stores/projectStore.ts(133,34): error TS7006: Parameter 'state' implicitly has an 'any' type.
src/lib/stores/projectStore.ts(134,38): error TS7006: Parameter 'shot' implicitly has an 'any' type.
src/lib/stores/projectStore.ts(138,22): error TS7006: Parameter 'loading' implicitly has an 'any' type.
src/lib/stores/projectStore.ts(140,20): error TS7006: Parameter 'error' implicitly has an 'any' type.
src/lib/stores/projectStore.ts(148,22): error TS7006: Parameter 'state' implicitly has an 'any' type.
src/lib/stores/projectStore.ts(171,52): error TS7006: Parameter 'project' implicitly has an 'any' type.
src/lib/stores/projectStore.ts(175,50): error TS7006: Parameter 'scene' implicitly has an 'any' type.
src/lib/stores/projectStore.ts(179,54): error TS7006: Parameter 'character' implicitly has an 'any' type.
src/lib/stores/projectStore.ts(183,49): error TS7006: Parameter 'shot' implicitly has an 'any' type.
src/orchestration/executor.ts(5,10): error TS2614: Module '"@/lib/redis"' has no exported member 'cachedGeminiCall'. Did you mean to use 'import cachedGeminiCall from "@/lib/redis"' instead?
src/orchestration/executor.ts(5,28): error TS2614: Module '"@/lib/redis"' has no exported member 'generateGeminiCacheKey'. Did you mean to use 'import generateGeminiCacheKey from "@/lib/redis"' instead?
src/orchestration/executor.ts(6,15): error TS2305: Module '"@/types/enums"' has no exported member 'AnalysisType'.
src/orchestration/executor.ts(202,20): error TS7053: Element implicitly has an 'any' type because expression of type 'AnalysisType' can't be used to index type '{ characters: string; themes: string; structure: string; screenplay: string; quick: string; detailed: string; full: string; }'.
src/orchestration/pipeline-orchestrator.ts(5,15): error TS2305: Module '"@/types/enums"' has no exported member 'AnalysisType'.
src/orchestration/pipeline-orchestrator.ts(6,10): error TS2724: '"@/lib/stations"' has no exported member named 'stations'. Did you mean 'Station'?
src/orchestration/pipeline-orchestrator.ts(58,52): error TS7006: Parameter 'station' implicitly has an 'any' type.
src/orchestration/pipeline-orchestrator.ts(65,29): error TS7006: Parameter 'a' implicitly has an 'any' type.
src/orchestration/pipeline-orchestrator.ts(65,32): error TS7006: Parameter 'b' implicitly has an 'any' type.
src/orchestration/pipeline-orchestrator.ts(73,55): error TS7006: Parameter 'station' implicitly has an 'any' type.
src/orchestration/pipeline-orchestrator.ts(97,48): error TS7006: Parameter 's' implicitly has an 'any' type.
src/orchestration/pipeline-orchestrator.ts(111,7): error TS2412: Type 'Date | undefined' is not assignable to type 'Date' with 'exactOptionalPropertyTypes: true'. Consider adding 'undefined' to the type of the target.
  Type 'undefined' is not assignable to type 'Date'.
src/orchestration/pipeline-orchestrator.ts(126,42): error TS7006: Parameter 'station' implicitly has an 'any' type.
ELIFECYCLE Command failed with exit code 1.
